2017-01-13 17:31:29 [INFO] PropertiesReader:30 - Creating config input stream... 
2017-01-13 17:31:29 [INFO] PropertiesReader:32 - Loading properties instance...
2017-01-13 17:31:29 [INFO] PropertiesReader:34 - Properties instance created.
2017-01-13 17:31:30 [INFO] Login2:50 - TEST
2017-01-13 17:31:30 [INFO] Login2:50 - TEST
2017-01-13 17:31:30 [INFO] Login2:50 - TEST
2017-01-13 17:31:30 [INFO] PropertiesReader:30 - Creating config input stream... 
2017-01-13 17:31:30 [INFO] PropertiesReader:32 - Loading properties instance...
2017-01-13 17:31:30 [INFO] PropertiesReader:34 - Properties instance created.
2017-01-13 17:54:46 [INFO] PropertiesReader:30 - Creating config input stream... 
2017-01-13 17:54:46 [INFO] PropertiesReader:32 - Loading properties instance...
2017-01-13 17:54:46 [INFO] PropertiesReader:34 - Properties instance created.
2017-01-13 17:54:46 [INFO] Login2:50 - TEST
2017-01-13 17:54:46 [INFO] Login2:50 - TEST
2017-01-13 17:54:46 [INFO] Login2:50 - TEST
2017-01-13 17:54:47 [INFO] PropertiesReader:30 - Creating config input stream... 
2017-01-13 17:54:47 [INFO] PropertiesReader:32 - Loading properties instance...
2017-01-13 17:54:47 [INFO] PropertiesReader:34 - Properties instance created.
2017-01-13 18:16:05 [INFO] PropertiesReader:30 - Creating config input stream... 
2017-01-13 18:16:05 [INFO] PropertiesReader:32 - Loading properties instance...
2017-01-13 18:16:05 [INFO] PropertiesReader:34 - Properties instance created.
2017-01-13 18:16:05 [INFO] Login2:53 - TEST
2017-01-13 18:16:05 [INFO] Login2:53 - TEST
2017-01-13 18:16:05 [INFO] Login2:53 - TEST
2017-01-13 18:16:06 [INFO] PropertiesReader:30 - Creating config input stream... 
2017-01-13 18:16:06 [INFO] PropertiesReader:32 - Loading properties instance...
2017-01-13 18:16:06 [INFO] PropertiesReader:34 - Properties instance created.
2017-01-13 18:16:06 [INFO] PropertiesReader:30 - Creating config input stream... 
2017-01-13 18:16:06 [INFO] PropertiesReader:32 - Loading properties instance...
2017-01-13 18:16:06 [INFO] PropertiesReader:34 - Properties instance created.
2017-01-13 18:16:38 [INFO] PropertiesReader:30 - Creating config input stream... 
2017-01-13 18:16:38 [INFO] PropertiesReader:32 - Loading properties instance...
2017-01-13 18:16:38 [INFO] PropertiesReader:34 - Properties instance created.
2017-01-13 18:16:39 [INFO] Login2:53 - TEST
2017-01-13 18:16:39 [INFO] Login2:53 - TEST
2017-01-13 18:16:39 [INFO] Login2:53 - TEST
2017-01-13 18:16:39 [INFO] Login2:53 - FetchingData
2017-01-13 18:16:39 [INFO] PropertiesReader:30 - Creating config input stream... 
2017-01-13 18:16:39 [INFO] PropertiesReader:32 - Loading properties instance...
2017-01-13 18:16:39 [INFO] PropertiesReader:34 - Properties instance created.
2017-01-13 18:34:47 [INFO] PropertiesReader:30 - Creating config input stream... 
2017-01-13 18:34:47 [INFO] PropertiesReader:32 - Loading properties instance...
2017-01-13 18:34:47 [INFO] PropertiesReader:34 - Properties instance created.
2017-01-13 18:34:47 [INFO] Login2:53 - TEST
2017-01-13 18:34:47 [INFO] Login2:53 - TEST
2017-01-13 18:34:47 [INFO] Login2:53 - TEST
2017-01-13 18:34:48 [INFO] PropertiesReader:30 - Creating config input stream... 
2017-01-13 18:34:48 [INFO] PropertiesReader:32 - Loading properties instance...
2017-01-13 18:34:48 [INFO] PropertiesReader:34 - Properties instance created.
2017-01-13 19:30:45 [INFO] PropertiesReader:30 - Creating config input stream... 
2017-01-13 19:30:45 [INFO] PropertiesReader:32 - Loading properties instance...
2017-01-13 19:30:45 [INFO] PropertiesReader:34 - Properties instance created.
2017-01-13 19:30:46 [INFO] PropertiesReader:30 - Creating config input stream... 
2017-01-13 19:30:46 [INFO] PropertiesReader:32 - Loading properties instance...
2017-01-13 19:30:46 [INFO] PropertiesReader:34 - Properties instance created.
2017-01-13 19:30:46 [INFO] PropertiesReader:30 - Creating config input stream... 
2017-01-13 19:30:46 [INFO] PropertiesReader:32 - Loading properties instance...
2017-01-13 19:30:46 [INFO] PropertiesReader:34 - Properties instance created.
2017-01-13 19:30:46 [INFO] PropertiesReader:30 - Creating config input stream... 
2017-01-13 19:30:46 [INFO] PropertiesReader:32 - Loading properties instance...
2017-01-13 19:30:46 [INFO] PropertiesReader:34 - Properties instance created.
2017-01-13 19:31:49 [INFO] PropertiesReader:30 - Creating config input stream... 
2017-01-13 19:31:49 [INFO] PropertiesReader:32 - Loading properties instance...
2017-01-13 19:31:49 [INFO] PropertiesReader:34 - Properties instance created.
2017-01-13 19:31:50 [INFO] PropertiesReader:30 - Creating config input stream... 
2017-01-13 19:31:50 [INFO] PropertiesReader:32 - Loading properties instance...
2017-01-13 19:31:50 [INFO] PropertiesReader:34 - Properties instance created.
2017-01-13 19:31:50 [INFO] PropertiesReader:30 - Creating config input stream... 
2017-01-13 19:31:50 [INFO] PropertiesReader:32 - Loading properties instance...
2017-01-13 19:31:50 [INFO] PropertiesReader:34 - Properties instance created.
2017-01-13 19:31:50 [INFO] PropertiesReader:30 - Creating config input stream... 
2017-01-13 19:31:50 [INFO] PropertiesReader:32 - Loading properties instance...
2017-01-13 19:31:50 [INFO] PropertiesReader:34 - Properties instance created.
2017-01-13 19:34:52 [INFO] PropertiesReader:30 - Creating config input stream... 
2017-01-13 19:34:52 [INFO] PropertiesReader:32 - Loading properties instance...
2017-01-13 19:34:52 [INFO] PropertiesReader:34 - Properties instance created.
2017-01-13 19:34:52 [INFO] PropertiesReader:30 - Creating config input stream... 
2017-01-13 19:34:52 [INFO] PropertiesReader:32 - Loading properties instance...
2017-01-13 19:34:52 [INFO] PropertiesReader:34 - Properties instance created.
2017-01-13 19:34:52 [INFO] PropertiesReader:30 - Creating config input stream... 
2017-01-13 19:34:52 [INFO] PropertiesReader:32 - Loading properties instance...
2017-01-13 19:34:52 [INFO] PropertiesReader:34 - Properties instance created.
2017-01-13 19:34:52 [INFO] PropertiesReader:30 - Creating config input stream... 
2017-01-13 19:34:52 [INFO] PropertiesReader:32 - Loading properties instance...
2017-01-13 19:34:52 [INFO] PropertiesReader:34 - Properties instance created.
2017-01-13 19:47:39 [INFO] PropertiesReader:30 - Creating config input stream... 
2017-01-13 19:47:39 [INFO] PropertiesReader:32 - Loading properties instance...
2017-01-13 19:47:39 [INFO] PropertiesReader:34 - Properties instance created.
2017-01-13 19:47:39 [INFO] Login2:53 - TEST
2017-01-13 19:47:39 [INFO] Login2:53 - TEST
2017-01-13 19:47:40 [INFO] PropertiesReader:30 - Creating config input stream... 
2017-01-13 19:47:40 [INFO] PropertiesReader:32 - Loading properties instance...
2017-01-13 19:47:40 [INFO] PropertiesReader:34 - Properties instance created.
2017-01-13 19:47:40 [INFO] PropertiesReader:30 - Creating config input stream... 
2017-01-13 19:47:40 [INFO] PropertiesReader:32 - Loading properties instance...
2017-01-13 19:47:40 [INFO] PropertiesReader:34 - Properties instance created.
2017-01-13 19:49:14 [INFO] PropertiesReader:30 - Creating config input stream... 
2017-01-13 19:49:14 [INFO] PropertiesReader:32 - Loading properties instance...
2017-01-13 19:49:14 [INFO] PropertiesReader:34 - Properties instance created.
2017-01-13 19:49:14 [INFO] Login2:53 - TEST
2017-01-13 19:49:14 [INFO] Login2:53 - TEST
2017-01-13 19:49:14 [INFO] PropertiesReader:30 - Creating config input stream... 
2017-01-13 19:49:14 [INFO] PropertiesReader:32 - Loading properties instance...
2017-01-13 19:49:14 [INFO] PropertiesReader:34 - Properties instance created.
2017-01-13 19:49:14 [INFO] PropertiesReader:30 - Creating config input stream... 
2017-01-13 19:49:14 [INFO] PropertiesReader:32 - Loading properties instance...
2017-01-13 19:49:14 [INFO] PropertiesReader:34 - Properties instance created.
2017-01-13 19:55:09 [INFO] PropertiesReader:30 - Creating config input stream... 
2017-01-13 19:55:09 [INFO] PropertiesReader:32 - Loading properties instance...
2017-01-13 19:55:09 [INFO] PropertiesReader:34 - Properties instance created.
2017-01-13 19:55:09 [INFO] Login2:54 - TEST
2017-01-13 19:55:09 [INFO] Login2:54 - TEST
2017-01-13 19:55:09 [INFO] PropertiesReader:30 - Creating config input stream... 
2017-01-13 19:55:09 [INFO] PropertiesReader:32 - Loading properties instance...
2017-01-13 19:55:09 [INFO] PropertiesReader:34 - Properties instance created.
2017-01-13 19:55:09 [INFO] PropertiesReader:30 - Creating config input stream... 
2017-01-13 19:55:09 [INFO] PropertiesReader:32 - Loading properties instance...
2017-01-13 19:55:09 [INFO] PropertiesReader:34 - Properties instance created.
2017-01-13 19:56:55 [INFO] PropertiesReader:30 - Creating config input stream... 
2017-01-13 19:56:55 [INFO] PropertiesReader:32 - Loading properties instance...
2017-01-13 19:56:55 [INFO] PropertiesReader:34 - Properties instance created.
2017-01-13 19:56:55 [INFO] Login2:54 - TEST
2017-01-13 19:56:55 [INFO] Login2:54 - TEST
2017-01-13 19:56:55 [INFO] Login2:54 - JAVA
2017-01-13 19:56:55 [INFO] PropertiesReader:30 - Creating config input stream... 
2017-01-13 19:56:55 [INFO] PropertiesReader:32 - Loading properties instance...
2017-01-13 19:56:55 [INFO] PropertiesReader:34 - Properties instance created.
2017-01-13 19:58:12 [INFO] PropertiesReader:30 - Creating config input stream... 
2017-01-13 19:58:12 [INFO] PropertiesReader:32 - Loading properties instance...
2017-01-13 19:58:12 [INFO] PropertiesReader:34 - Properties instance created.
2017-01-13 19:58:12 [INFO] Login2:54 - TEST
2017-01-13 19:58:12 [INFO] Login2:54 - TEST
2017-01-13 19:58:12 [INFO] Login2:54 - TEST
2017-01-13 19:58:12 [INFO] PropertiesReader:30 - Creating config input stream... 
2017-01-13 19:58:12 [INFO] PropertiesReader:32 - Loading properties instance...
2017-01-13 19:58:12 [INFO] PropertiesReader:34 - Properties instance created.
2017-01-16 11:56:01 [INFO] PropertiesReader:30 - Creating config input stream... 
2017-01-16 11:56:01 [INFO] PropertiesReader:32 - Loading properties instance...
2017-01-16 11:56:01 [INFO] PropertiesReader:34 - Properties instance created.
2017-01-16 11:56:02 [INFO] Login2:54 - TEST
2017-01-16 11:56:02 [INFO] Login2:54 - TEST
2017-01-16 11:56:02 [INFO] Login2:54 - TEST
2017-01-16 11:56:03 [INFO] PropertiesReader:30 - Creating config input stream... 
2017-01-16 11:56:03 [INFO] PropertiesReader:32 - Loading properties instance...
2017-01-16 11:56:03 [INFO] PropertiesReader:34 - Properties instance created.
2017-01-16 11:58:06 [INFO] PropertiesReader:30 - Creating config input stream... 
2017-01-16 11:58:06 [INFO] PropertiesReader:32 - Loading properties instance...
2017-01-16 11:58:06 [INFO] PropertiesReader:34 - Properties instance created.
2017-01-16 11:58:06 [INFO] Login2:54 - Login to the application
2017-01-16 11:58:06 [INFO] Login2:54 - fetching the data 
2017-01-16 11:58:06 [INFO] Login2:54 - Logut from the application
2017-01-16 11:58:06 [INFO] PropertiesReader:30 - Creating config input stream... 
2017-01-16 11:58:06 [INFO] PropertiesReader:32 - Loading properties instance...
2017-01-16 11:58:06 [INFO] PropertiesReader:34 - Properties instance created.
2017-01-16 12:28:00 [INFO] PropertiesReader:30 - Creating config input stream... 
2017-01-16 12:28:00 [INFO] PropertiesReader:32 - Loading properties instance...
2017-01-16 12:28:00 [INFO] PropertiesReader:34 - Properties instance created.
2017-01-16 12:28:00 [INFO] Login2:56 - TEST
2017-01-16 12:28:00 [INFO] Login2:56 - TEST
2017-01-16 12:28:00 [INFO] Login2:56 - TEST
2017-01-16 12:28:01 [INFO] PropertiesReader:30 - Creating config input stream... 
2017-01-16 12:28:01 [INFO] PropertiesReader:32 - Loading properties instance...
2017-01-16 12:28:01 [INFO] PropertiesReader:34 - Properties instance created.
2017-01-16 12:29:35 [INFO] PropertiesReader:30 - Creating config input stream... 
2017-01-16 12:29:35 [INFO] PropertiesReader:32 - Loading properties instance...
2017-01-16 12:29:35 [INFO] PropertiesReader:34 - Properties instance created.
2017-01-16 12:29:35 [INFO] Login2:56 - TEST
2017-01-16 12:29:35 [INFO] Login2:56 - TEST
2017-01-16 12:29:35 [INFO] Login2:56 - TEST
2017-01-16 12:29:35 [INFO] PropertiesReader:30 - Creating config input stream... 
2017-01-16 12:29:35 [INFO] PropertiesReader:32 - Loading properties instance...
2017-01-16 12:29:35 [INFO] PropertiesReader:34 - Properties instance created.
2017-01-16 12:37:45 [INFO] PropertiesReader:30 - Creating config input stream... 
2017-01-16 12:37:45 [INFO] PropertiesReader:32 - Loading properties instance...
2017-01-16 12:37:45 [INFO] PropertiesReader:34 - Properties instance created.
2017-01-16 12:37:45 [INFO] Login2:56 - TEST
2017-01-16 12:37:45 [INFO] Login2:56 - TEST
2017-01-16 12:37:45 [INFO] Login2:56 - TEST
2017-01-16 12:37:46 [INFO] PropertiesReader:30 - Creating config input stream... 
2017-01-16 12:37:46 [INFO] PropertiesReader:32 - Loading properties instance...
2017-01-16 12:37:46 [INFO] PropertiesReader:34 - Properties instance created.
2017-01-16 12:38:58 [INFO] PropertiesReader:30 - Creating config input stream... 
2017-01-16 12:38:58 [INFO] PropertiesReader:32 - Loading properties instance...
2017-01-16 12:38:58 [INFO] PropertiesReader:34 - Properties instance created.
2017-01-16 12:38:59 [INFO] Login2:56 - Login To Appp	
2017-01-16 12:38:59 [INFO] Login2:56 - Fetching Data
2017-01-16 12:38:59 [INFO] Login2:56 - Logout from App
2017-01-16 12:38:59 [INFO] PropertiesReader:30 - Creating config input stream... 
2017-01-16 12:38:59 [INFO] PropertiesReader:32 - Loading properties instance...
2017-01-16 12:38:59 [INFO] PropertiesReader:34 - Properties instance created.
2017-01-16 12:45:14 [INFO] PropertiesReader:30 - Creating config input stream... 
2017-01-16 12:45:14 [INFO] PropertiesReader:32 - Loading properties instance...
2017-01-16 12:45:14 [INFO] PropertiesReader:34 - Properties instance created.
2017-01-16 12:45:14 [INFO] Login2:55 - Login To Appp	
2017-01-16 12:45:14 [INFO] Login2:55 - Fetching Data
2017-01-16 12:45:14 [INFO] Login2:55 - Logout from App
2017-01-16 12:45:15 [INFO] PropertiesReader:30 - Creating config input stream... 
2017-01-16 12:45:15 [INFO] PropertiesReader:32 - Loading properties instance...
2017-01-16 12:45:15 [INFO] PropertiesReader:34 - Properties instance created.
2017-01-16 12:49:45 [INFO] PropertiesReader:30 - Creating config input stream... 
2017-01-16 12:49:45 [INFO] PropertiesReader:32 - Loading properties instance...
2017-01-16 12:49:45 [INFO] PropertiesReader:34 - Properties instance created.
2017-01-16 12:49:46 [INFO] PropertiesReader:30 - Creating config input stream... 
2017-01-16 12:49:46 [INFO] PropertiesReader:32 - Loading properties instance...
2017-01-16 12:49:46 [INFO] PropertiesReader:34 - Properties instance created.
2017-01-16 12:49:46 [INFO] PropertiesReader:30 - Creating config input stream... 
2017-01-16 12:49:46 [INFO] PropertiesReader:32 - Loading properties instance...
2017-01-16 12:49:46 [INFO] PropertiesReader:34 - Properties instance created.
2017-01-16 12:49:46 [INFO] PropertiesReader:30 - Creating config input stream... 
2017-01-16 12:49:46 [INFO] PropertiesReader:32 - Loading properties instance...
2017-01-16 12:49:46 [INFO] PropertiesReader:34 - Properties instance created.
2017-01-16 12:58:11 [INFO] PropertiesReader:30 - Creating config input stream... 
2017-01-16 12:58:11 [INFO] PropertiesReader:32 - Loading properties instance...
2017-01-16 12:58:11 [INFO] PropertiesReader:34 - Properties instance created.
2017-01-16 12:58:11 [INFO] Login2:68 - Login To Appp	
2017-01-16 12:58:11 [INFO] Login2:68 - Fetching Data
2017-01-16 12:58:11 [INFO] Login2:68 - Logout from App
2017-01-16 12:58:11 [INFO] PropertiesReader:30 - Creating config input stream... 
2017-01-16 12:58:11 [INFO] PropertiesReader:32 - Loading properties instance...
2017-01-16 12:58:11 [INFO] PropertiesReader:34 - Properties instance created.
2017-01-16 12:58:33 [INFO] PropertiesReader:30 - Creating config input stream... 
2017-01-16 12:58:33 [INFO] PropertiesReader:32 - Loading properties instance...
2017-01-16 12:58:33 [INFO] PropertiesReader:34 - Properties instance created.
2017-01-16 12:58:34 [INFO] Login2:68 - Login To Appp	
2017-01-16 12:58:34 [INFO] Login2:68 - Fetching Data
2017-01-16 12:58:34 [INFO] Login2:68 - Logout from App
2017-01-16 12:58:34 [INFO] PropertiesReader:30 - Creating config input stream... 
2017-01-16 12:58:34 [INFO] PropertiesReader:32 - Loading properties instance...
2017-01-16 12:58:34 [INFO] PropertiesReader:34 - Properties instance created.
2017-01-16 13:14:50 [INFO] PropertiesReader:30 - Creating config input stream... 
2017-01-16 13:14:50 [INFO] PropertiesReader:32 - Loading properties instance...
2017-01-16 13:14:50 [INFO] PropertiesReader:34 - Properties instance created.
2017-01-16 13:14:50 [INFO] Login2:58 - Login To Appp	
2017-01-16 13:14:50 [INFO] Login2:58 - Fetching Data
2017-01-16 13:14:50 [INFO] Login2:58 - Logout from App
2017-01-16 13:14:53 [INFO] PropertiesReader:30 - Creating config input stream... 
2017-01-16 13:14:53 [INFO] PropertiesReader:32 - Loading properties instance...
2017-01-16 13:14:53 [INFO] PropertiesReader:34 - Properties instance created.
2017-01-16 13:16:59 [INFO] PropertiesReader:30 - Creating config input stream... 
2017-01-16 13:16:59 [INFO] PropertiesReader:32 - Loading properties instance...
2017-01-16 13:16:59 [INFO] PropertiesReader:34 - Properties instance created.
2017-01-16 13:16:59 [INFO] PropertiesReader:30 - Creating config input stream... 
2017-01-16 13:16:59 [INFO] PropertiesReader:32 - Loading properties instance...
2017-01-16 13:16:59 [INFO] PropertiesReader:34 - Properties instance created.
2017-01-16 13:16:59 [INFO] PropertiesReader:30 - Creating config input stream... 
2017-01-16 13:16:59 [INFO] PropertiesReader:32 - Loading properties instance...
2017-01-16 13:16:59 [INFO] PropertiesReader:34 - Properties instance created.
2017-01-16 13:16:59 [INFO] PropertiesReader:30 - Creating config input stream... 
2017-01-16 13:16:59 [INFO] PropertiesReader:32 - Loading properties instance...
2017-01-16 13:16:59 [INFO] PropertiesReader:34 - Properties instance created.
2017-01-16 13:19:37 [INFO] PropertiesReader:30 - Creating config input stream... 
2017-01-16 13:19:37 [INFO] PropertiesReader:32 - Loading properties instance...
2017-01-16 13:19:37 [INFO] PropertiesReader:34 - Properties instance created.
2017-01-16 13:19:37 [INFO] Login2:68 - Login To Appp	
2017-01-16 13:19:37 [INFO] Login2:68 - Fetching Data
2017-01-16 13:19:37 [INFO] Login2:68 - Logout from App
2017-01-16 13:19:37 [INFO] PropertiesReader:30 - Creating config input stream... 
2017-01-16 13:19:37 [INFO] PropertiesReader:32 - Loading properties instance...
2017-01-16 13:19:37 [INFO] PropertiesReader:34 - Properties instance created.
2017-01-16 13:28:06 [INFO] PropertiesReader:30 - Creating config input stream... 
2017-01-16 13:28:06 [INFO] PropertiesReader:32 - Loading properties instance...
2017-01-16 13:28:06 [INFO] PropertiesReader:34 - Properties instance created.
2017-01-16 13:28:06 [INFO] Login2:59 - Login To Appp	
2017-01-16 13:28:06 [INFO] Login2:59 - Fetching Data
2017-01-16 13:28:06 [INFO] Login2:59 - Logout from App
2017-01-16 13:28:06 [INFO] PropertiesReader:30 - Creating config input stream... 
2017-01-16 13:28:06 [INFO] PropertiesReader:32 - Loading properties instance...
2017-01-16 13:28:06 [INFO] PropertiesReader:34 - Properties instance created.
2017-01-16 13:29:23 [INFO] PropertiesReader:30 - Creating config input stream... 
2017-01-16 13:29:23 [INFO] PropertiesReader:32 - Loading properties instance...
2017-01-16 13:29:23 [INFO] PropertiesReader:34 - Properties instance created.
2017-01-16 13:29:24 [INFO] Login2:59 - Login To Appp	
2017-01-16 13:29:24 [INFO] Login2:59 - Fetching Data
2017-01-16 13:29:24 [INFO] Login2:59 - Logout from App
2017-01-16 13:29:24 [INFO] PropertiesReader:30 - Creating config input stream... 
2017-01-16 13:29:24 [INFO] PropertiesReader:32 - Loading properties instance...
2017-01-16 13:29:24 [INFO] PropertiesReader:34 - Properties instance created.
2017-01-16 13:35:33 [INFO] PropertiesReader:30 - Creating config input stream... 
2017-01-16 13:35:33 [INFO] PropertiesReader:32 - Loading properties instance...
2017-01-16 13:35:33 [INFO] PropertiesReader:34 - Properties instance created.
2017-01-16 13:35:33 [INFO] Login2:58 - Login To Appp	
2017-01-16 13:35:33 [INFO] Login2:58 - Fetching Data
2017-01-16 13:35:33 [INFO] Login2:58 - Logout from App
2017-01-16 13:35:33 [INFO] PropertiesReader:30 - Creating config input stream... 
2017-01-16 13:35:33 [INFO] PropertiesReader:32 - Loading properties instance...
2017-01-16 13:35:33 [INFO] PropertiesReader:34 - Properties instance created.
2017-01-16 13:44:00 [INFO] PropertiesReader:30 - Creating config input stream... 
2017-01-16 13:44:00 [INFO] PropertiesReader:32 - Loading properties instance...
2017-01-16 13:44:00 [INFO] PropertiesReader:34 - Properties instance created.
2017-01-16 13:44:01 [INFO] Login2:61 - Login To Appp	
2017-01-16 13:44:01 [INFO] Login2:61 - Fetching Data
2017-01-16 13:44:01 [INFO] Login2:61 - Logout from App
2017-01-16 13:44:02 [INFO] PropertiesReader:30 - Creating config input stream... 
2017-01-16 13:44:02 [INFO] PropertiesReader:32 - Loading properties instance...
2017-01-16 13:44:02 [INFO] PropertiesReader:34 - Properties instance created.
2017-01-16 13:47:00 [INFO] PropertiesReader:30 - Creating config input stream... 
2017-01-16 13:47:00 [INFO] PropertiesReader:32 - Loading properties instance...
2017-01-16 13:47:00 [INFO] PropertiesReader:34 - Properties instance created.
2017-01-16 13:47:00 [INFO] Login2:61 - Login To Appp	
2017-01-16 13:47:00 [INFO] Login2:61 - Fetching Data
2017-01-16 13:47:00 [INFO] Login2:61 - Logout from App
2017-01-16 13:47:01 [INFO] PropertiesReader:30 - Creating config input stream... 
2017-01-16 13:47:01 [INFO] PropertiesReader:32 - Loading properties instance...
2017-01-16 13:47:01 [INFO] PropertiesReader:34 - Properties instance created.
2017-01-16 13:48:33 [INFO] PropertiesReader:30 - Creating config input stream... 
2017-01-16 13:48:33 [INFO] PropertiesReader:32 - Loading properties instance...
2017-01-16 13:48:33 [INFO] PropertiesReader:34 - Properties instance created.
2017-01-16 13:48:33 [INFO] Login2:62 - Login To Appp	
2017-01-16 13:48:33 [INFO] Login2:62 - Fetching Data
2017-01-16 13:48:33 [INFO] Login2:62 - Logout from App
2017-01-16 13:48:33 [INFO] PropertiesReader:30 - Creating config input stream... 
2017-01-16 13:48:33 [INFO] PropertiesReader:32 - Loading properties instance...
2017-01-16 13:48:33 [INFO] PropertiesReader:34 - Properties instance created.
2017-01-16 13:53:37 [INFO] PropertiesReader:30 - Creating config input stream... 
2017-01-16 13:53:37 [INFO] PropertiesReader:32 - Loading properties instance...
2017-01-16 13:53:37 [INFO] PropertiesReader:34 - Properties instance created.
2017-01-16 13:53:37 [INFO] Login2:59 - Login To Appp	
2017-01-16 13:53:37 [INFO] Login2:59 - Fetching Data
2017-01-16 13:53:37 [INFO] Login2:59 - Logout from App
2017-01-16 13:53:37 [INFO] PropertiesReader:30 - Creating config input stream... 
2017-01-16 13:53:37 [INFO] PropertiesReader:32 - Loading properties instance...
2017-01-16 13:53:37 [INFO] PropertiesReader:34 - Properties instance created.
2017-01-16 13:53:57 [INFO] PropertiesReader:30 - Creating config input stream... 
2017-01-16 13:53:57 [INFO] PropertiesReader:32 - Loading properties instance...
2017-01-16 13:53:57 [INFO] PropertiesReader:34 - Properties instance created.
2017-01-16 13:53:57 [INFO] Login2:60 - Login To Appp	
2017-01-16 13:53:57 [INFO] Login2:60 - Fetching Data
2017-01-16 13:53:57 [INFO] Login2:60 - Logout from App
2017-01-16 13:53:57 [INFO] PropertiesReader:30 - Creating config input stream... 
2017-01-16 13:53:57 [INFO] PropertiesReader:32 - Loading properties instance...
2017-01-16 13:53:57 [INFO] PropertiesReader:34 - Properties instance created.
2017-01-16 13:55:41 [INFO] PropertiesReader:30 - Creating config input stream... 
2017-01-16 13:55:41 [INFO] PropertiesReader:32 - Loading properties instance...
2017-01-16 13:55:41 [INFO] PropertiesReader:34 - Properties instance created.
2017-01-16 13:55:41 [INFO] Login2:60 - Login To Appp	
2017-01-16 13:55:41 [INFO] Login2:60 - Fetching Data
2017-01-16 13:55:41 [INFO] Login2:60 - Logout from App
2017-01-16 13:55:41 [INFO] PropertiesReader:30 - Creating config input stream... 
2017-01-16 13:55:41 [INFO] PropertiesReader:32 - Loading properties instance...
2017-01-16 13:55:41 [INFO] PropertiesReader:34 - Properties instance created.
2017-01-16 13:57:02 [INFO] PropertiesReader:30 - Creating config input stream... 
2017-01-16 13:57:02 [INFO] PropertiesReader:32 - Loading properties instance...
2017-01-16 13:57:02 [INFO] PropertiesReader:34 - Properties instance created.
2017-01-16 13:57:02 [INFO] Login2:61 - Login To Appp	
2017-01-16 13:57:02 [INFO] Login2:61 - Fetch the data
2017-01-16 13:57:02 [INFO] Login2:61 - TEST
2017-01-16 13:57:02 [INFO] PropertiesReader:30 - Creating config input stream... 
2017-01-16 13:57:02 [INFO] PropertiesReader:32 - Loading properties instance...
2017-01-16 13:57:02 [INFO] PropertiesReader:34 - Properties instance created.
2017-01-16 13:59:27 [INFO] PropertiesReader:30 - Creating config input stream... 
2017-01-16 13:59:27 [INFO] PropertiesReader:32 - Loading properties instance...
2017-01-16 13:59:27 [INFO] PropertiesReader:34 - Properties instance created.
2017-01-16 13:59:28 [INFO] PropertiesReader:30 - Creating config input stream... 
2017-01-16 13:59:28 [INFO] PropertiesReader:32 - Loading properties instance...
2017-01-16 13:59:28 [INFO] PropertiesReader:34 - Properties instance created.
2017-01-16 13:59:28 [INFO] PropertiesReader:30 - Creating config input stream... 
2017-01-16 13:59:28 [INFO] PropertiesReader:32 - Loading properties instance...
2017-01-16 13:59:28 [INFO] PropertiesReader:34 - Properties instance created.
2017-01-16 13:59:28 [INFO] PropertiesReader:30 - Creating config input stream... 
2017-01-16 13:59:28 [INFO] PropertiesReader:32 - Loading properties instance...
2017-01-16 13:59:28 [INFO] PropertiesReader:34 - Properties instance created.
2017-01-16 14:00:28 [INFO] PropertiesReader:30 - Creating config input stream... 
2017-01-16 14:00:28 [INFO] PropertiesReader:32 - Loading properties instance...
2017-01-16 14:00:28 [INFO] PropertiesReader:34 - Properties instance created.
2017-01-16 14:00:28 [INFO] Login2:66 - Login To Appp	
2017-01-16 14:00:28 [INFO] Login2:66 - Fetch the data
2017-01-16 14:00:28 [INFO] Login2:66 - TEST
2017-01-16 14:00:28 [INFO] PropertiesReader:30 - Creating config input stream... 
2017-01-16 14:00:28 [INFO] PropertiesReader:32 - Loading properties instance...
2017-01-16 14:00:28 [INFO] PropertiesReader:34 - Properties instance created.
2017-01-16 15:01:11 [INFO] PropertiesReader:30 - Creating config input stream... 
2017-01-16 15:01:12 [INFO] PropertiesReader:32 - Loading properties instance...
2017-01-16 15:01:12 [INFO] PropertiesReader:34 - Properties instance created.
2017-01-16 15:01:12 [INFO] Login2:66 - Login To Appp	
2017-01-16 15:01:12 [INFO] Login2:66 - Fetch the data
2017-01-16 15:01:12 [INFO] Login2:66 - TEST
2017-01-16 15:01:12 [INFO] PropertiesReader:30 - Creating config input stream... 
2017-01-16 15:01:12 [INFO] PropertiesReader:32 - Loading properties instance...
2017-01-16 15:01:12 [INFO] PropertiesReader:34 - Properties instance created.
2017-01-16 15:03:27 [INFO] PropertiesReader:30 - Creating config input stream... 
2017-01-16 15:03:27 [INFO] PropertiesReader:32 - Loading properties instance...
2017-01-16 15:03:27 [INFO] PropertiesReader:34 - Properties instance created.
2017-01-16 15:03:27 [INFO] Login2:67 - Login To Appp	
2017-01-16 15:03:27 [INFO] Login2:67 - Fetch the data
2017-01-16 15:03:27 [INFO] Login2:67 - TEST
2017-01-16 15:03:28 [INFO] PropertiesReader:30 - Creating config input stream... 
2017-01-16 15:03:28 [INFO] PropertiesReader:32 - Loading properties instance...
2017-01-16 15:03:28 [INFO] PropertiesReader:34 - Properties instance created.
2017-01-16 15:04:35 [INFO] PropertiesReader:30 - Creating config input stream... 
2017-01-16 15:04:35 [INFO] PropertiesReader:32 - Loading properties instance...
2017-01-16 15:04:35 [INFO] PropertiesReader:34 - Properties instance created.
2017-01-16 15:04:35 [INFO] Login2:68 - Login To Appp	
2017-01-16 15:04:35 [INFO] Login2:68 - Fetch the data
2017-01-16 15:04:35 [INFO] Login2:68 - TEST
2017-01-16 15:04:35 [INFO] PropertiesReader:30 - Creating config input stream... 
2017-01-16 15:04:35 [INFO] PropertiesReader:32 - Loading properties instance...
2017-01-16 15:04:35 [INFO] PropertiesReader:34 - Properties instance created.
2017-01-16 15:05:24 [INFO] PropertiesReader:30 - Creating config input stream... 
2017-01-16 15:05:24 [INFO] PropertiesReader:32 - Loading properties instance...
2017-01-16 15:05:24 [INFO] PropertiesReader:34 - Properties instance created.
2017-01-16 15:05:25 [INFO] Login2:68 - Login To Appp	
2017-01-16 15:05:25 [INFO] Login2:68 - Fetch the data
2017-01-16 15:05:25 [INFO] Login2:68 - TEST
2017-01-16 15:05:25 [INFO] PropertiesReader:30 - Creating config input stream... 
2017-01-16 15:05:25 [INFO] PropertiesReader:32 - Loading properties instance...
2017-01-16 15:05:25 [INFO] PropertiesReader:34 - Properties instance created.
2017-01-16 15:07:18 [INFO] PropertiesReader:30 - Creating config input stream... 
2017-01-16 15:07:18 [INFO] PropertiesReader:32 - Loading properties instance...
2017-01-16 15:07:18 [INFO] PropertiesReader:34 - Properties instance created.
2017-01-16 15:07:18 [INFO] Login2:68 - Login To Appp	
2017-01-16 15:07:18 [INFO] Login2:68 - Fetch the data
2017-01-16 15:07:18 [INFO] Login2:68 - TEST
2017-01-16 15:07:18 [INFO] PropertiesReader:30 - Creating config input stream... 
2017-01-16 15:07:18 [INFO] PropertiesReader:32 - Loading properties instance...
2017-01-16 15:07:18 [INFO] PropertiesReader:34 - Properties instance created.
2017-01-16 15:08:08 [INFO] PropertiesReader:30 - Creating config input stream... 
2017-01-16 15:08:08 [INFO] PropertiesReader:32 - Loading properties instance...
2017-01-16 15:08:08 [INFO] PropertiesReader:34 - Properties instance created.
2017-01-16 15:08:09 [INFO] Login2:67 - Login To Appp	
2017-01-16 15:08:09 [INFO] Login2:67 - Fetch the data
2017-01-16 15:08:09 [INFO] Login2:67 - TEST
2017-01-16 15:08:09 [INFO] PropertiesReader:30 - Creating config input stream... 
2017-01-16 15:08:09 [INFO] PropertiesReader:32 - Loading properties instance...
2017-01-16 15:08:09 [INFO] PropertiesReader:34 - Properties instance created.
2017-01-16 15:08:44 [INFO] PropertiesReader:30 - Creating config input stream... 
2017-01-16 15:08:44 [INFO] PropertiesReader:32 - Loading properties instance...
2017-01-16 15:08:44 [INFO] PropertiesReader:34 - Properties instance created.
2017-01-16 15:08:44 [INFO] Login2:67 - Login To Appp	
2017-01-16 15:08:44 [INFO] Login2:67 - Fetch the data
2017-01-16 15:08:44 [INFO] Login2:67 - TEST
2017-01-16 15:08:44 [INFO] PropertiesReader:30 - Creating config input stream... 
2017-01-16 15:08:44 [INFO] PropertiesReader:32 - Loading properties instance...
2017-01-16 15:08:44 [INFO] PropertiesReader:34 - Properties instance created.
2017-01-16 15:09:02 [INFO] PropertiesReader:30 - Creating config input stream... 
2017-01-16 15:09:02 [INFO] PropertiesReader:32 - Loading properties instance...
2017-01-16 15:09:02 [INFO] PropertiesReader:34 - Properties instance created.
2017-01-16 15:09:02 [INFO] Login2:67 - Login To Appp	
2017-01-16 15:09:02 [INFO] Login2:67 - Fetch the data
2017-01-16 15:09:02 [INFO] Login2:67 - TEST
2017-01-16 15:09:02 [INFO] PropertiesReader:30 - Creating config input stream... 
2017-01-16 15:09:02 [INFO] PropertiesReader:32 - Loading properties instance...
2017-01-16 15:09:02 [INFO] PropertiesReader:34 - Properties instance created.
2017-01-16 15:09:28 [INFO] PropertiesReader:30 - Creating config input stream... 
2017-01-16 15:09:28 [INFO] PropertiesReader:32 - Loading properties instance...
2017-01-16 15:09:28 [INFO] PropertiesReader:34 - Properties instance created.
2017-01-16 15:09:29 [INFO] Login2:61 - Login To Appp	
2017-01-16 15:09:29 [INFO] Login2:61 - Fetch the data
2017-01-16 15:09:29 [INFO] Login2:61 - TEST
2017-01-16 15:09:29 [INFO] PropertiesReader:30 - Creating config input stream... 
2017-01-16 15:09:29 [INFO] PropertiesReader:32 - Loading properties instance...
2017-01-16 15:09:29 [INFO] PropertiesReader:34 - Properties instance created.
2017-01-16 15:10:00 [INFO] PropertiesReader:30 - Creating config input stream... 
2017-01-16 15:10:00 [INFO] PropertiesReader:32 - Loading properties instance...
2017-01-16 15:10:00 [INFO] PropertiesReader:34 - Properties instance created.
2017-01-16 15:10:00 [INFO] Login2:61 - TEST
2017-01-16 15:10:00 [INFO] Login2:61 - TEST
2017-01-16 15:10:00 [INFO] Login2:61 - TEST
2017-01-16 15:10:00 [INFO] PropertiesReader:30 - Creating config input stream... 
2017-01-16 15:10:00 [INFO] PropertiesReader:32 - Loading properties instance...
2017-01-16 15:10:00 [INFO] PropertiesReader:34 - Properties instance created.
2017-01-16 15:10:32 [INFO] PropertiesReader:30 - Creating config input stream... 
2017-01-16 15:10:32 [INFO] PropertiesReader:32 - Loading properties instance...
2017-01-16 15:10:32 [INFO] PropertiesReader:34 - Properties instance created.
2017-01-16 15:10:32 [INFO] Login2:61 - TEST
2017-01-16 15:10:32 [INFO] Login2:61 - TEST
2017-01-16 15:10:33 [INFO] Login2:61 - TEST
2017-01-16 15:10:33 [INFO] PropertiesReader:30 - Creating config input stream... 
2017-01-16 15:10:33 [INFO] PropertiesReader:32 - Loading properties instance...
2017-01-16 15:10:33 [INFO] PropertiesReader:34 - Properties instance created.
2017-01-16 15:11:48 [INFO] PropertiesReader:30 - Creating config input stream... 
2017-01-16 15:11:48 [INFO] PropertiesReader:32 - Loading properties instance...
2017-01-16 15:11:48 [INFO] PropertiesReader:34 - Properties instance created.
2017-01-16 15:11:48 [INFO] Login2:60 - TEST
2017-01-16 15:11:48 [INFO] Login2:60 - TEST
2017-01-16 15:11:48 [INFO] Login2:60 - TEST
2017-01-16 15:11:48 [INFO] PropertiesReader:30 - Creating config input stream... 
2017-01-16 15:11:48 [INFO] PropertiesReader:32 - Loading properties instance...
2017-01-16 15:11:48 [INFO] PropertiesReader:34 - Properties instance created.
2017-01-16 15:12:48 [INFO] PropertiesReader:30 - Creating config input stream... 
2017-01-16 15:12:48 [INFO] PropertiesReader:32 - Loading properties instance...
2017-01-16 15:12:48 [INFO] PropertiesReader:34 - Properties instance created.
2017-01-16 15:12:48 [INFO] Login2:60 - TEST
2017-01-16 15:12:48 [INFO] Login2:60 - TEST
2017-01-16 15:12:48 [INFO] Login2:60 - TEST
2017-01-16 15:12:48 [INFO] PropertiesReader:30 - Creating config input stream... 
2017-01-16 15:12:48 [INFO] PropertiesReader:32 - Loading properties instance...
2017-01-16 15:12:48 [INFO] PropertiesReader:34 - Properties instance created.
2017-01-16 15:13:15 [INFO] PropertiesReader:30 - Creating config input stream... 
2017-01-16 15:13:15 [INFO] PropertiesReader:32 - Loading properties instance...
2017-01-16 15:13:15 [INFO] PropertiesReader:34 - Properties instance created.
2017-01-16 15:13:15 [INFO] Login2:60 - TEST
2017-01-16 15:13:15 [INFO] Login2:60 - TEST
2017-01-16 15:13:15 [INFO] Login2:60 - TEST
2017-01-16 15:13:15 [INFO] PropertiesReader:30 - Creating config input stream... 
2017-01-16 15:13:15 [INFO] PropertiesReader:32 - Loading properties instance...
2017-01-16 15:13:15 [INFO] PropertiesReader:34 - Properties instance created.
